22:33:49 INFO  : Registering command handlers for SDK TCF services
22:33:50 INFO  : Launching XSCT server: xsct -n -interactive /home/krek07/Documents/ZYNQ/LINUX/linux/linux.sdk/temp_xsdb_launch_script.tcl
22:33:52 INFO  : XSCT server has started successfully.
22:33:52 INFO  : Successfully done setting XSCT server connection channel  
22:33:52 INFO  : Successfully done setting SDK workspace  
22:33:52 INFO  : Processing command line option -hwspec /home/krek07/Documents/ZYNQ/LINUX/linux/linux.sdk/system_wrapper.hdf.
22:35:01 INFO  : Saving repository preferences.
22:35:01 INFO  : Reading in cores from local repositories: 
		 /home/krek07/Documents/device-tree-xlnx
22:35:01 INFO  : Cleaning BSP projects in the workspace.
22:35:03 INFO  : Saving repository preferences.
22:51:20 INFO  : Launching XSCT server: xsct -n -interactive /home/krek07/Documents/ZYNQ/LINUX/linux/linux.sdk/temp_xsdb_launch_script.tcl
22:51:22 INFO  : XSCT server has started successfully.
22:51:22 INFO  : Successfully done setting XSCT server connection channel  
22:51:22 INFO  : Successfully done setting SDK workspace  
22:51:22 INFO  : Restoring local repository preferences: 
		 /home/krek07/Documents/device-tree-xlnx
22:51:26 INFO  : Registering command handlers for SDK TCF services
22:51:26 INFO  : Processing command line option -hwspec /home/krek07/Documents/ZYNQ/LINUX/linux/linux.sdk/system_wrapper.hdf.
22:51:26 INFO  : Checking for hwspec changes in the project system_wrapper_hw_platform_0.
22:51:28 INFO  : BSP Project P/device_tree_bsp_0 has been successfully migrated.
23:02:54 INFO  : Invoking Bootgen: bootgen -image output.bif -arch zynq -o /home/krek07/Documents/ZYNQ/LINUX/BOOT.bin
23:02:54 INFO  : Creating new bif file /home/krek07/Documents/ZYNQ/LINUX/output.bif
23:02:55 INFO  : Bootgen command execution is done.
21:04:24 INFO  : Launching XSCT server: xsct -n -interactive /home/krek07/Documents/ZYNQ/LINUX/linux/linux.sdk/temp_xsdb_launch_script.tcl
21:04:26 INFO  : XSCT server has started successfully.
21:04:26 INFO  : Successfully done setting XSCT server connection channel  
21:04:26 INFO  : Successfully done setting SDK workspace  
21:04:26 INFO  : Restoring local repository preferences: 
		 /home/krek07/Documents/device-tree-xlnx
21:04:30 INFO  : Registering command handlers for SDK TCF services
21:04:30 INFO  : Processing command line option -hwspec /home/krek07/Documents/ZYNQ/LINUX/linux/linux.sdk/system_wrapper.hdf.
21:04:30 INFO  : Checking for hwspec changes in the project system_wrapper_hw_platform_0.
21:04:32 INFO  : BSP Project P/device_tree_bsp_0 has been successfully migrated.
21:50:36 INFO  : Connected to target on host '127.0.0.1' and port '3121'.
